{
  "uid" : "7580b38851e3549a",
  "name" : "test_login_failure_b",
  "fullName" : "test_case.calculate_module.cserver_module.test_serverpage.TestSearchUI#test_login_failure_b",
  "historyId" : "b43786636ea1f278af09e200305e9f7d",
  "time" : {
    "start" : 1630295739612,
    "stop" : 1630295739613,
    "duration" : 1
  },
  "status" : "failed",
  "statusMessage" : "AssertionError: assert '1' == 1",
  "statusTrace" : "self = <TopHC.test_case.calculate_module.cserver_module.test_serverpage.TestSearchUI object at 0x0000028030C04CA0>\n\n    @allure.story('密码缺失')\n    def test_login_failure_b(self):\n        with allure.step('点击用户名'):  # 对测试步骤进行标记\n            print('输入用户名')\n        with allure.step('点击密码'):\n            print('输入密码')\n        print('点击登录')\n        with allure.step('点击登录之后登录失败'):\n>           assert '1' == 1\nE           AssertionError: assert '1' == 1\n\n..\\test_case\\calculate_module\\cserver_module\\test_serverpage.py:65: AssertionError",
  "flaky" : false,
  "newFailed" : false,
  "beforeStages" : [ ],
  "testStage" : {
    "status" : "failed",
    "statusMessage" : "AssertionError: assert '1' == 1",
    "statusTrace" : "self = <TopHC.test_case.calculate_module.cserver_module.test_serverpage.TestSearchUI object at 0x0000028030C04CA0>\n\n    @allure.story('密码缺失')\n    def test_login_failure_b(self):\n        with allure.step('点击用户名'):  # 对测试步骤进行标记\n            print('输入用户名')\n        with allure.step('点击密码'):\n            print('输入密码')\n        print('点击登录')\n        with allure.step('点击登录之后登录失败'):\n>           assert '1' == 1\nE           AssertionError: assert '1' == 1\n\n..\\test_case\\calculate_module\\cserver_module\\test_serverpage.py:65: AssertionError",
    "steps" : [ {
      "name" : "点击用户名",
      "time" : {
        "start" : 1630295739612,
        "stop" : 1630295739612,
        "duration" : 0
      },
      "status" : "passed",
      "steps" : [ ],
      "attachments" : [ ],
      "parameters" : [ ],
      "shouldDisplayMessage" : false,
      "attachmentsCount" : 0,
      "hasContent" : false,
      "stepsCount" : 0
    }, {
      "name" : "点击密码",
      "time" : {
        "start" : 1630295739612,
        "stop" : 1630295739613,
        "duration" : 1
      },
      "status" : "passed",
      "steps" : [ ],
      "attachments" : [ ],
      "parameters" : [ ],
      "shouldDisplayMessage" : false,
      "attachmentsCount" : 0,
      "hasContent" : false,
      "stepsCount" : 0
    }, {
      "name" : "点击登录之后登录失败",
      "time" : {
        "start" : 1630295739613,
        "stop" : 1630295739613,
        "duration" : 0
      },
      "status" : "failed",
      "statusMessage" : "AssertionError: assert '1' == 1\n",
      "statusTrace" : "  File \"D:\\WorkTools\\PyProjects\\TopHC\\test_case\\calculate_module\\cserver_module\\test_serverpage.py\", line 65, in test_login_failure_b\n    assert '1' == 1\n",
      "steps" : [ ],
      "attachments" : [ ],
      "parameters" : [ ],
      "shouldDisplayMessage" : true,
      "attachmentsCount" : 0,
      "hasContent" : true,
      "stepsCount" : 0
    } ],
    "attachments" : [ ],
    "parameters" : [ ],
    "shouldDisplayMessage" : true,
    "attachmentsCount" : 0,
    "hasContent" : true,
    "stepsCount" : 3
  },
  "afterStages" : [ ],
  "labels" : [ {
    "name" : "feature",
    "value" : "计算-->云服务器模块"
  }, {
    "name" : "story",
    "value" : "云服务器子模块"
  }, {
    "name" : "story",
    "value" : "密码缺失"
  }, {
    "name" : "parentSuite",
    "value" : "test_case.calculate_module.cserver_module"
  }, {
    "name" : "suite",
    "value" : "test_serverpage"
  }, {
    "name" : "subSuite",
    "value" : "TestSearchUI"
  }, {
    "name" : "host",
    "value" : "DESKTOP-SKQ5DMP"
  }, {
    "name" : "thread",
    "value" : "7144-MainThread"
  }, {
    "name" : "framework",
    "value" : "pytest"
  }, {
    "name" : "language",
    "value" : "cpython3"
  }, {
    "name" : "package",
    "value" : "test_case.calculate_module.cserver_module.test_serverpage"
  }, {
    "name" : "resultFormat",
    "value" : "allure2"
  } ],
  "parameters" : [ ],
  "links" : [ ],
  "hidden" : false,
  "retry" : false,
  "extra" : {
    "severity" : "normal",
    "retries" : [ {
      "uid" : "ec442955a2c21477",
      "status" : "failed",
      "statusDetails" : "AssertionError: assert '1' == 1",
      "time" : {
        "start" : 1630249302918,
        "stop" : 1630249302919,
        "duration" : 1
      }
    }, {
      "uid" : "8bca0633cd9c417e",
      "status" : "failed",
      "statusDetails" : "AssertionError: assert '1' == 1",
      "time" : {
        "start" : 1630249277749,
        "stop" : 1630249277750,
        "duration" : 1
      }
    }, {
      "uid" : "e62b917fcd344df6",
      "status" : "failed",
      "statusDetails" : "AssertionError: assert '1' == 1",
      "time" : {
        "start" : 1630248592452,
        "stop" : 1630248592453,
        "duration" : 1
      }
    }, {
      "uid" : "6f9bbfa6050a0970",
      "status" : "failed",
      "statusDetails" : "AssertionError: assert '1' == 1",
      "time" : {
        "start" : 1630248544437,
        "stop" : 1630248544437,
        "duration" : 0
      }
    }, {
      "uid" : "809fc20fc791b882",
      "status" : "failed",
      "statusDetails" : "AssertionError: assert '1' == 1",
      "time" : {
        "start" : 1630247986921,
        "stop" : 1630247986922,
        "duration" : 1
      }
    }, {
      "uid" : "642b414fe569d441",
      "status" : "failed",
      "statusDetails" : "AssertionError: assert '1' == 1",
      "time" : {
        "start" : 1630247959128,
        "stop" : 1630247959128,
        "duration" : 0
      }
    }, {
      "uid" : "b7950829ee4b8db5",
      "status" : "failed",
      "statusDetails" : "AssertionError: assert '1' == 1",
      "time" : {
        "start" : 1630245281793,
        "stop" : 1630245281794,
        "duration" : 1
      }
    } ],
    "categories" : [ {
      "name" : "Product defects",
      "matchedStatuses" : [ ],
      "flaky" : false
    } ],
    "tags" : [ ]
  },
  "source" : "7580b38851e3549a.json",
  "parameterValues" : [ ]
}